<?xml version="1.0" encoding="UTF-8"?>
<testsuite name="JsonDatabaseTest" tests="1" skipped="0" failures="1" errors="0" timestamp="2025-02-26T11:09:42" hostname="14926-MB.local" time="1.779">
  <properties/>
  <testcase name="start" classname="JsonDatabaseTest" time="1.779">
    <failure message="java.lang.AssertionError: Wrong answer in test #3&#10;&#10;The JSON object at key value should be object, found string&#10;&#10;Full JSON:&#10;{&#10;  &quot;response&quot;: &quot;OK&quot;,&#10;  &quot;value&quot;: &quot;88&quot;&#10;}&#10;&#10;Please find below the output of your program during this failed test.&#10;&#10;---&#10;&#10;Arguments for Main: -t get -k text&#10;Arguments for Main: -t set -k text -v &quot;Hello World!&quot;&#10;Arguments for Main: -t get -k text&#10;Arguments for Main: -t delete -k text&#10;Arguments for Main: -t delete -k text&#10;Arguments for Main: -t get -k text&#10;Arguments for Main: -in setFile.json&#10;Arguments for Main: -in getFile.json&#10;Arguments for Main: -in updateFile.json&#10;Arguments for Main: -in secondGetFile.json&#10;&#10;Server started!&#10;Client started!&#10;Sent: {&quot;type&quot;:&quot;get&quot;,&quot;key&quot;:&quot;text&quot;}&#10;Received: {&quot;reason&quot;:&quot;No such key&quot;,&quot;response&quot;:&quot;ERROR&quot;}&#10;Client started!&#10;Sent: {&quot;type&quot;:&quot;set&quot;,&quot;key&quot;:&quot;text&quot;,&quot;value&quot;:&quot;Hello World!&quot;}&#10;Received: {&quot;response&quot;:&quot;OK&quot;}&#10;Client started!&#10;Sent: {&quot;type&quot;:&quot;get&quot;,&quot;key&quot;:&quot;text&quot;}&#10;Received: {&quot;response&quot;:&quot;OK&quot;,&quot;value&quot;:&quot;Hello World!&quot;}&#10;Client started!&#10;Sent: {&quot;type&quot;:&quot;delete&quot;,&quot;key&quot;:&quot;text&quot;}&#10;Received: {&quot;response&quot;:&quot;OK&quot;}&#10;Client started!&#10;Sent: {&quot;type&quot;:&quot;delete&quot;,&quot;key&quot;:&quot;text&quot;}&#10;Received: {&quot;reason&quot;:&quot;No such key&quot;,&quot;response&quot;:&quot;ERROR&quot;}&#10;Client started!&#10;Sent: {&quot;type&quot;:&quot;get&quot;,&quot;key&quot;:&quot;text&quot;}&#10;Received: {&quot;reason&quot;:&quot;No such key&quot;,&quot;response&quot;:&quot;ERROR&quot;}&#10;Client started!&#10;Sent: {&quot;type&quot;:&quot;set&quot;,&quot;key&quot;:&quot;person&quot;,&quot;value&quot;:{&quot;name&quot;:&quot;Elon Musk&quot;,&quot;car&quot;:{&quot;model&quot;:&quot;Tesla Roadster&quot;,&quot;year&quot;:&quot;2018&quot;},&quot;rocket&quot;:{&quot;name&quot;:&quot;Falcon 9&quot;,&quot;launches&quot;:&quot;87&quot;}}}&#10;&#10;Received: {&quot;response&quot;:&quot;OK&quot;}&#10;Client started!&#10;Sent: {&quot;type&quot;:&quot;get&quot;,&quot;key&quot;:[&quot;person&quot;,&quot;name&quot;]}&#10;&#10;Received: {&quot;response&quot;:&quot;OK&quot;,&quot;value&quot;:&quot;Elon Musk&quot;}&#10;Client started!&#10;Sent: {&quot;type&quot;:&quot;set&quot;,&quot;key&quot;:[&quot;person&quot;,&quot;rocket&quot;,&quot;launches&quot;],&quot;value&quot;:&quot;88&quot;}&#10;&#10;Received: {&quot;response&quot;:&quot;OK&quot;}&#10;Client started!&#10;Sent: {&quot;type&quot;:&quot;get&quot;,&quot;key&quot;:[&quot;person&quot;]}&#10;&#10;Received: {&quot;response&quot;:&quot;OK&quot;,&quot;value&quot;:&quot;88&quot;}" type="java.lang.AssertionError">java.lang.AssertionError: Wrong answer in test #3

The JSON object at key value should be object, found string

Full JSON:
{
  &quot;response&quot;: &quot;OK&quot;,
  &quot;value&quot;: &quot;88&quot;
}

Please find below the output of your program during this failed test.

---

Arguments for Main: -t get -k text
Arguments for Main: -t set -k text -v &quot;Hello World!&quot;
Arguments for Main: -t get -k text
Arguments for Main: -t delete -k text
Arguments for Main: -t delete -k text
Arguments for Main: -t get -k text
Arguments for Main: -in setFile.json
Arguments for Main: -in getFile.json
Arguments for Main: -in updateFile.json
Arguments for Main: -in secondGetFile.json

Server started!
Client started!
Sent: {&quot;type&quot;:&quot;get&quot;,&quot;key&quot;:&quot;text&quot;}
Received: {&quot;reason&quot;:&quot;No such key&quot;,&quot;response&quot;:&quot;ERROR&quot;}
Client started!
Sent: {&quot;type&quot;:&quot;set&quot;,&quot;key&quot;:&quot;text&quot;,&quot;value&quot;:&quot;Hello World!&quot;}
Received: {&quot;response&quot;:&quot;OK&quot;}
Client started!
Sent: {&quot;type&quot;:&quot;get&quot;,&quot;key&quot;:&quot;text&quot;}
Received: {&quot;response&quot;:&quot;OK&quot;,&quot;value&quot;:&quot;Hello World!&quot;}
Client started!
Sent: {&quot;type&quot;:&quot;delete&quot;,&quot;key&quot;:&quot;text&quot;}
Received: {&quot;response&quot;:&quot;OK&quot;}
Client started!
Sent: {&quot;type&quot;:&quot;delete&quot;,&quot;key&quot;:&quot;text&quot;}
Received: {&quot;reason&quot;:&quot;No such key&quot;,&quot;response&quot;:&quot;ERROR&quot;}
Client started!
Sent: {&quot;type&quot;:&quot;get&quot;,&quot;key&quot;:&quot;text&quot;}
Received: {&quot;reason&quot;:&quot;No such key&quot;,&quot;response&quot;:&quot;ERROR&quot;}
Client started!
Sent: {&quot;type&quot;:&quot;set&quot;,&quot;key&quot;:&quot;person&quot;,&quot;value&quot;:{&quot;name&quot;:&quot;Elon Musk&quot;,&quot;car&quot;:{&quot;model&quot;:&quot;Tesla Roadster&quot;,&quot;year&quot;:&quot;2018&quot;},&quot;rocket&quot;:{&quot;name&quot;:&quot;Falcon 9&quot;,&quot;launches&quot;:&quot;87&quot;}}}

Received: {&quot;response&quot;:&quot;OK&quot;}
Client started!
Sent: {&quot;type&quot;:&quot;get&quot;,&quot;key&quot;:[&quot;person&quot;,&quot;name&quot;]}

Received: {&quot;response&quot;:&quot;OK&quot;,&quot;value&quot;:&quot;Elon Musk&quot;}
Client started!
Sent: {&quot;type&quot;:&quot;set&quot;,&quot;key&quot;:[&quot;person&quot;,&quot;rocket&quot;,&quot;launches&quot;],&quot;value&quot;:&quot;88&quot;}

Received: {&quot;response&quot;:&quot;OK&quot;}
Client started!
Sent: {&quot;type&quot;:&quot;get&quot;,&quot;key&quot;:[&quot;person&quot;]}

Received: {&quot;response&quot;:&quot;OK&quot;,&quot;value&quot;:&quot;88&quot;}
	at org.junit.Assert.fail(Assert.java:89)
	at org.hyperskill.hstest.stage.StageTest.start(StageTest.java:208)
	at java.base/jdk.internal.reflect.DirectMethodHandleAccessor.invoke(DirectMethodHandleAccessor.java:103)
	at java.base/java.lang.reflect.Method.invoke(Method.java:580)
	at org.junit.runners.model.FrameworkMethod$1.runReflectiveCall(FrameworkMethod.java:59)
	at org.junit.internal.runners.model.ReflectiveCallable.run(ReflectiveCallable.java:12)
	at org.junit.runners.model.FrameworkMethod.invokeExplosively(FrameworkMethod.java:56)
	at org.junit.internal.runners.statements.InvokeMethod.evaluate(InvokeMethod.java:17)
	at org.junit.runners.ParentRunner$3.evaluate(ParentRunner.java:306)
	at org.junit.runners.BlockJUnit4ClassRunner$1.evaluate(BlockJUnit4ClassRunner.java:100)
	at org.junit.runners.ParentRunner.runLeaf(ParentRunner.java:366)
	at org.junit.runners.BlockJUnit4ClassRunner.runChild(BlockJUnit4ClassRunner.java:103)
	at org.junit.runners.BlockJUnit4ClassRunner.runChild(BlockJUnit4ClassRunner.java:63)
	at org.junit.runners.ParentRunner$4.run(ParentRunner.java:331)
	at org.junit.runners.ParentRunner$1.schedule(ParentRunner.java:79)
	at org.junit.runners.ParentRunner.runChildren(ParentRunner.java:329)
	at org.junit.runners.ParentRunner.access$100(ParentRunner.java:66)
	at org.junit.runners.ParentRunner$2.evaluate(ParentRunner.java:293)
	at org.junit.internal.runners.statements.RunBefores.evaluate(RunBefores.java:26)
	at org.junit.internal.runners.statements.RunAfters.evaluate(RunAfters.java:27)
	at org.junit.runners.ParentRunner$3.evaluate(ParentRunner.java:306)
	at org.junit.runners.ParentRunner.run(ParentRunner.java:413)
	at org.gradle.api.internal.tasks.testing.junit.JUnitTestClassExecutor.runTestClass(JUnitTestClassExecutor.java:112)
	at org.gradle.api.internal.tasks.testing.junit.JUnitTestClassExecutor.execute(JUnitTestClassExecutor.java:58)
	at org.gradle.api.internal.tasks.testing.junit.JUnitTestClassExecutor.execute(JUnitTestClassExecutor.java:40)
	at org.gradle.api.internal.tasks.testing.junit.AbstractJUnitTestClassProcessor.processTestClass(AbstractJUnitTestClassProcessor.java:60)
	at org.gradle.api.internal.tasks.testing.SuiteTestClassProcessor.processTestClass(SuiteTestClassProcessor.java:52)
	at java.base/jdk.internal.reflect.DirectMethodHandleAccessor.invoke(DirectMethodHandleAccessor.java:103)
	at java.base/java.lang.reflect.Method.invoke(Method.java:580)
	at org.gradle.internal.dispatch.ReflectionDispatch.dispatch(ReflectionDispatch.java:36)
	at org.gradle.internal.dispatch.ReflectionDispatch.dispatch(ReflectionDispatch.java:24)
	at org.gradle.internal.dispatch.ContextClassLoaderDispatch.dispatch(ContextClassLoaderDispatch.java:33)
	at org.gradle.internal.dispatch.ProxyDispatchAdapter$DispatchingInvocationHandler.invoke(ProxyDispatchAdapter.java:94)
	at jdk.proxy1/jdk.proxy1.$Proxy2.processTestClass(Unknown Source)
	at org.gradle.api.internal.tasks.testing.worker.TestWorker$2.run(TestWorker.java:176)
	at org.gradle.api.internal.tasks.testing.worker.TestWorker.executeAndMaintainThreadName(TestWorker.java:129)
	at org.gradle.api.internal.tasks.testing.worker.TestWorker.execute(TestWorker.java:100)
	at org.gradle.api.internal.tasks.testing.worker.TestWorker.execute(TestWorker.java:60)
	at org.gradle.process.internal.worker.child.ActionExecutionWorker.execute(ActionExecutionWorker.java:56)
	at org.gradle.process.internal.worker.child.SystemApplicationClassLoaderWorker.call(SystemApplicationClassLoaderWorker.java:113)
	at org.gradle.process.internal.worker.child.SystemApplicationClassLoaderWorker.call(SystemApplicationClassLoaderWorker.java:65)
	at worker.org.gradle.process.internal.worker.GradleWorkerMain.run(GradleWorkerMain.java:69)
	at worker.org.gradle.process.internal.worker.GradleWorkerMain.main(GradleWorkerMain.java:74)
</failure>
  </testcase>
  <system-out><![CDATA[?[1;31m
Start test 1?[0m
Server started!
Client started!
Sent: {"type":"exit"}
?[1;31m
Start test 2?[0m
?[1;31m
Start test 3?[0m
Server started!
Client started!
Sent: {"type":"get","key":"text"}
Received: {"reason":"No such key","response":"ERROR"}
Client started!
Sent: {"type":"set","key":"text","value":"Hello World!"}
Received: {"response":"OK"}
Client started!
Sent: {"type":"get","key":"text"}
Received: {"response":"OK","value":"Hello World!"}
Client started!
Sent: {"type":"delete","key":"text"}
Received: {"response":"OK"}
Client started!
Sent: {"type":"delete","key":"text"}
Received: {"reason":"No such key","response":"ERROR"}
Client started!
Sent: {"type":"get","key":"text"}
Received: {"reason":"No such key","response":"ERROR"}
Client started!
Sent: {"type":"set","key":"person","value":{"name":"Elon Musk","car":{"model":"Tesla Roadster","year":"2018"},"rocket":{"name":"Falcon 9","launches":"87"}}}

Received: {"response":"OK"}
Client started!
Sent: {"type":"get","key":["person","name"]}

Received: {"response":"OK","value":"Elon Musk"}
Client started!
Sent: {"type":"set","key":["person","rocket","launches"],"value":"88"}

Received: {"response":"OK"}
Client started!
Sent: {"type":"get","key":["person"]}

Received: {"response":"OK","value":"88"}
]]></system-out>
  <system-err><![CDATA[]]></system-err>
</testsuite>
