<?xml version="1.0" encoding="UTF-8"?>
<testsuite name="JsonDatabaseTest" tests="1" skipped="0" failures="0" errors="0" timestamp="2025-02-27T10:49:07" hostname="14926-MB.local" time="2.793">
  <properties/>
  <testcase name="start" classname="JsonDatabaseTest" time="2.793"/>
  <system-out><![CDATA[?[1;31m
Start test 1?[0m
Server started!
Client started!
Sent: {"type":"exit"}
?[1;31m
Start test 2?[0m
?[1;31m
Start test 3?[0m
Server started!
Client started!
Sent: {"type":"get","key":"text"}
Received: {"reason":"No such key","response":"ERROR"}
Client started!
Sent: {"type":"set","key":"text","value":"Hello World!"}
Received: {"response":"OK"}
Client started!
Sent: {"type":"get","key":"text"}
Received: {"response":"OK","value":"Hello World!"}
Client started!
Sent: {"type":"delete","key":"text"}
Received: {"response":"OK"}
Client started!
Sent: {"type":"delete","key":"text"}
Received: {"reason":"No such key","response":"ERROR"}
Client started!
Sent: {"type":"get","key":"text"}
Received: {"reason":"No such key","response":"ERROR"}
Client started!
Sent: {"type":"set","key":"person","value":{"name":"Elon Musk","car":{"model":"Tesla Roadster","year":"2018"},"rocket":{"name":"Falcon 9","launches":"87"}}}

Received: {"response":"OK"}
Client started!
Sent: {"type":"get","key":["person","name"]}

Received: {"response":"OK","value":"Elon Musk"}
Client started!
Sent: {"type":"set","key":["person","rocket","launches"],"value":"88"}

Received: {"response":"OK"}
Client started!
Sent: {"type":"get","key":["person"]}

Received: {"response":"OK","value":{"name":"Elon Musk","car":{"model":"Tesla Roadster","year":"2018"},"rocket":{"name":"Falcon 9","launches":"88"}}}
Client started!
Sent: {"type":"delete","key":["person","car","year"]}

Received: {"response":"OK"}
Client started!
Sent: {"type":"get","key":["person"]}

Received: {"response":"OK","value":{"name":"Elon Musk","car":{"model":"Tesla Roadster"},"rocket":{"name":"Falcon 9","launches":"88"}}}
Client started!
Sent: {"type":"exit"}
]]></system-out>
  <system-err><![CDATA[]]></system-err>
</testsuite>
