<?xml version="1.0" encoding="UTF-8"?>
<testsuite name="JsonDatabaseTest" tests="1" skipped="0" failures="0" errors="0" timestamp="2024-12-30T12:46:54" hostname="10903-MB.local" time="0.278">
  <properties/>
  <testcase name="start" classname="JsonDatabaseTest" time="0.278"/>
  <system-out><![CDATA[?[1;31m
Start test 1?[0m
Server started!
Client started!
Sent: Give me a record of # 12
Received: Give me a record of # 12
Sent: A record # 12 was sent!
Received: A record # 12 was sent!
]]></system-out>
  <system-err><![CDATA[]]></system-err>
</testsuite>
