<?xml version="1.0" encoding="UTF-8"?>
<testsuite name="JsonDatabaseTest" tests="1" skipped="0" failures="0" errors="0" timestamp="2025-01-19T12:47:40" hostname="10903-MB.local" time="2.826">
  <properties/>
  <testcase name="start" classname="JsonDatabaseTest" time="2.826"/>
  <system-out><![CDATA[?[1;31m
Start test 1?[0m
Server started!
Client started!
Sent: {"type":"exit"}
?[1;31m
Start test 2?[0m
Server started!
Client started!
Sent: {"type":"get","key":"1"}
Received: {"reason":"No such key","response":"ERROR"}
Client started!
Sent: {"type":"set","key":"1","value":"Hello world!"}
Received: {"response":"OK"}
Client started!
Sent: {"type":"set","key":"1","value":"HelloWorld!"}
Received: {"response":"OK"}
Client started!
Sent: {"type":"get","key":"1"}
Received: {"response":"OK","value":"HelloWorld!"}
Client started!
Sent: {"type":"delete","key":"1"}
Received: {"response":"OK"}
Client started!
Sent: {"type":"delete","key":"1"}
Received: {"reason":"No such key","response":"ERROR"}
Client started!
Sent: {"type":"get","key":"1"}
Received: {"reason":"No such key","response":"ERROR"}
Client started!
Sent: {"type":"set","key":"text","value":"Hyperskill is the best!"}
Received: {"response":"OK"}
Client started!
Sent: {"type":"get","key":"text"}
Received: {"response":"OK","value":"Hyperskill is the best!"}
Client started!
Sent: {"type":"get","key":"name"}
Received: {"reason":"No such key","response":"ERROR"}
Client started!
Sent: {"type":"delete","key":"name"}
Received: {"reason":"No such key","response":"ERROR"}
Client started!
Sent: {"type":"set","key":"name","value":"Sorabh Tomar"}
Received: {"response":"OK"}
Client started!
Sent: {"type":"get","key":"name"}
Received: {"response":"OK","value":"Sorabh Tomar"}
Client started!
Sent: {"type":"delete","key":"100"}
Received: {"reason":"No such key","response":"ERROR"}
Client started!
Sent: {"type":"delete","key":"That key doesn\u0027t exist"}
Received: {"reason":"No such key","response":"ERROR"}
Client started!
Sent: {"type":"exit"}
]]></system-out>
  <system-err><![CDATA[]]></system-err>
</testsuite>
